0 info it worked if it ends with ok
1 verbose cli [ 'D:\\develop\\nodejs\\node.exe',
1 verbose cli   'd:\\develop\\projects\\mfcproject_v2\\sources\\mfc.webclient\\node_modules\\npm\\bin\\npm-cli.js',
1 verbose cli   'run',
1 verbose cli   'tsc:w' ]
2 info using npm@2.14.21
3 info using node@v6.6.0
4 verbose run-script [ 'pretsc:w', 'tsc:w', 'posttsc:w' ]
5 info pretsc:w angular-quickstart@1.0.0
6 info tsc:w angular-quickstart@1.0.0
7 verbose unsafe-perm in lifecycle true
8 info angular-quickstart@1.0.0 Failed to exec tsc:w script
9 verbose stack Error: angular-quickstart@1.0.0 tsc:w: `tsc -w`
9 verbose stack Exit status 3221225786
9 verbose stack     at EventEmitter.<anonymous> (d:\develop\projects\mfcproject_v2\sources\mfc.webclient\node_modules\npm\lib\utils\lifecycle.js:217:16)
9 verbose stack     at emitTwo (events.js:106:13)
9 verbose stack     at EventEmitter.emit (events.js:191:7)
9 verbose stack     at ChildProcess.<anonymous> (d:\develop\projects\mfcproject_v2\sources\mfc.webclient\node_modules\npm\lib\utils\spawn.js:24:14)
9 verbose stack     at emitTwo (events.js:106:13)
9 verbose stack     at ChildProcess.emit (events.js:191:7)
9 verbose stack     at maybeClose (internal/child_process.js:877:16)
9 verbose stack     at Process.ChildProcess._handle.onexit (internal/child_process.js:226:5)
10 verbose pkgid angular-quickstart@1.0.0
11 verbose cwd d:\develop\projects\mfcproject_v2\sources\mfc.webclient
12 error Windows_NT 10.0.10240
13 error argv "D:\\develop\\nodejs\\node.exe" "d:\\develop\\projects\\mfcproject_v2\\sources\\mfc.webclient\\node_modules\\npm\\bin\\npm-cli.js" "run" "tsc:w"
14 error node v6.6.0
15 error npm  v2.14.21
16 error code ELIFECYCLE
17 error angular-quickstart@1.0.0 tsc:w: `tsc -w`
17 error Exit status 3221225786
18 error Failed at the angular-quickstart@1.0.0 tsc:w script 'tsc -w'.
18 error This is most likely a problem with the angular-quickstart package,
18 error not with npm itself.
18 error Tell the author that this fails on your system:
18 error     tsc -w
18 error You can get information on how to open an issue for this project with:
18 error     npm bugs angular-quickstart
18 error Or if that isn't available, you can get their info via:
18 error
18 error     npm owner ls angular-quickstart
18 error There is likely additional logging output above.
19 verbose exit [ 1, true ]
